This file contains any messages produced by compilers while
running configure, to aid debugging if configure makes a mistake.

It was created by Google C++ Mocking Framework configure 1.7.0, which was
generated by GNU Autoconf 2.69.  Invocation command line was

  $ ./configure --disable-option-checking --prefix=/usr/local --cache-file=/dev/null --srcdir=.

## --------- ##
## Platform. ##
## --------- ##

hostname = Igors-MacBook-Pro.local
uname -m = x86_64
uname -r = 13.1.0
uname -s = Darwin
uname -v = Darwin Kernel Version 13.1.0: Thu Jan 16 19:40:37 PST 2014; root:xnu-2422.90.20~2/RELEASE_X86_64

/usr/bin/uname -p = i386
/bin/uname -X     = unknown

/bin/arch              = unknown
/usr/bin/arch -k       = unknown
/usr/convex/getsysinfo = unknown
/usr/bin/hostinfo      = Mach kernel version:
	 Darwin Kernel Version 13.1.0: Thu Jan 16 19:40:37 PST 2014; root:xnu-2422.90.20~2/RELEASE_X86_64
Kernel configured for up to 8 processors.
4 processors are physically available.
8 processors are logically available.
Processor type: i486 (Intel 80486)
Processors active: 0 1 2 3 4 5 6 7
Primary memory available: 8.00 gigabytes
Default processor set: 207 tasks, 884 threads, 8 processors
Load average: 2.99, Mach factor: 5.00
/bin/machine           = unknown
/usr/bin/oslevel       = unknown
/bin/universe          = unknown

PATH: /Users/igor/.rvm/gems/ruby-2.0.0-p0/bin
PATH: /Users/igor/.rvm/gems/ruby-2.0.0-p0@global/bin
PATH: /Users/igor/.rvm/rubies/ruby-2.0.0-p0/bin
PATH: /Users/igor/.rvm/bin
PATH: /Users/igor/Development/appengine-java-sdk-1.7.4/bin 
PATH: /usr/bin
PATH: /bin
PATH: /usr/sbin
PATH: /sbin
PATH: /usr/local/bin
PATH: /Applications/MAMP/Library/bin
PATH: /Users/igor/Development/mongodb-osx-x86_64-2.2.0/bin
PATH: /usr/local/share/npm/bin
PATH: /Library/PostgreSQL/9.2/bin
PATH: /usr/local/git/bin


## ----------- ##
## Core tests. ##
## ----------- ##

configure:2357: checking for a BSD-compatible install
configure:2425: result: /usr/bin/install -c
configure:2436: checking whether build environment is sane
configure:2491: result: yes
configure:2642: checking for a thread-safe mkdir -p
configure:2681: result: build-aux/install-sh -c -d
configure:2688: checking for gawk
configure:2718: result: no
configure:2688: checking for mawk
configure:2718: result: no
configure:2688: checking for nawk
configure:2718: result: no
configure:2688: checking for awk
configure:2704: found /usr/bin/awk
configure:2715: result: awk
configure:2726: checking whether make sets $(MAKE)
configure:2748: result: yes
configure:2777: checking whether make supports nested variables
configure:2794: result: yes
configure:2923: checking for gcc
configure:2939: found /usr/bin/gcc
configure:2950: result: gcc
configure:3179: checking for C compiler version
configure:3188: gcc --version >&5
Apple LLVM version 5.1 (clang-503.0.38) (based on LLVM 3.4svn)
Target: x86_64-apple-darwin13.1.0
Thread model: posix
Configured with: --prefix=/Applications/Xcode.app/Contents/Developer/usr --with-gxx-include-dir=/usr/include/c++/4.2.1
configure:3199: $? = 0
configure:3188: gcc -v >&5
Configured with: --prefix=/Applications/Xcode.app/Contents/Developer/usr --with-gxx-include-dir=/usr/include/c++/4.2.1
Apple LLVM version 5.1 (clang-503.0.38) (based on LLVM 3.4svn)
Target: x86_64-apple-darwin13.1.0
Thread model: posix
configure:3199: $? = 0
configure:3188: gcc -V >&5
clang: error: argument to '-V' is missing (expected 1 value)
clang: error: no input files
configure:3199: $? = 1
configure:3188: gcc -qversion >&5
clang: error: unknown argument: '-qversion' [-Wunused-command-line-argument-hard-error-in-future]
clang: note: this will be a hard error (cannot be downgraded to a warning) in the future
clang: error: no input files
configure:3199: $? = 1
configure:3219: checking whether the C compiler works
configure:3241: gcc    conftest.c  >&5
configure:3245: $? = 0
configure:3293: result: yes
configure:3296: checking for C compiler default output file name
configure:3298: result: a.out
configure:3304: checking for suffix of executables
configure:3311: gcc -o conftest    conftest.c  >&5
configure:3315: $? = 0
configure:3337: result: 
configure:3359: checking whether we are cross compiling
configure:3367: gcc -o conftest    conftest.c  >&5
configure:3371: $? = 0
configure:3378: ./conftest
configure:3382: $? = 0
configure:3397: result: no
configure:3402: checking for suffix of object files
configure:3424: gcc -c   conftest.c >&5
configure:3428: $? = 0
configure:3449: result: o
configure:3453: checking whether we are using the GNU C compiler
configure:3472: gcc -c   conftest.c >&5
configure:3472: $? = 0
configure:3481: result: yes
configure:3490: checking whether gcc accepts -g
configure:3510: gcc -c -g  conftest.c >&5
configure:3510: $? = 0
configure:3551: result: yes
configure:3568: checking for gcc option to accept ISO C89
configure:3631: gcc  -c -g -O2  conftest.c >&5
configure:3631: $? = 0
configure:3644: result: none needed
configure:3675: checking for style of include used by make
configure:3703: result: GNU
configure:3729: checking dependency style of gcc
configure:3840: result: gcc3
configure:3913: checking for g++
configure:3929: found /usr/bin/g++
configure:3940: result: g++
configure:3967: checking for C++ compiler version
configure:3976: g++ --version >&5
Apple LLVM version 5.1 (clang-503.0.38) (based on LLVM 3.4svn)
Target: x86_64-apple-darwin13.1.0
Thread model: posix
Configured with: --prefix=/Applications/Xcode.app/Contents/Developer/usr --with-gxx-include-dir=/usr/include/c++/4.2.1
configure:3987: $? = 0
configure:3976: g++ -v >&5
Configured with: --prefix=/Applications/Xcode.app/Contents/Developer/usr --with-gxx-include-dir=/usr/include/c++/4.2.1
Apple LLVM version 5.1 (clang-503.0.38) (based on LLVM 3.4svn)
Target: x86_64-apple-darwin13.1.0
Thread model: posix
configure:3987: $? = 0
configure:3976: g++ -V >&5
clang: error: argument to '-V' is missing (expected 1 value)
clang: error: no input files
configure:3987: $? = 1
configure:3976: g++ -qversion >&5
clang: error: unknown argument: '-qversion' [-Wunused-command-line-argument-hard-error-in-future]
clang: note: this will be a hard error (cannot be downgraded to a warning) in the future
clang: error: no input files
configure:3987: $? = 1
configure:3991: checking whether we are using the GNU C++ compiler
configure:4010: g++ -c   conftest.cpp >&5
configure:4010: $? = 0
configure:4019: result: yes
configure:4028: checking whether g++ accepts -g
configure:4048: g++ -c -g  conftest.cpp >&5
configure:4048: $? = 0
configure:4089: result: yes
configure:4114: checking dependency style of g++
configure:4225: result: gcc3
configure:4275: checking build system type
configure:4289: result: x86_64-apple-darwin13.1.0
configure:4309: checking host system type
configure:4322: result: x86_64-apple-darwin13.1.0
configure:4363: checking how to print strings
configure:4390: result: printf
configure:4411: checking for a sed that does not truncate output
configure:4475: result: /usr/bin/sed
configure:4493: checking for grep that handles long lines and -e
configure:4551: result: /usr/bin/grep
configure:4556: checking for egrep
configure:4618: result: /usr/bin/grep -E
configure:4623: checking for fgrep
configure:4685: result: /usr/bin/grep -F
configure:4720: checking for ld used by gcc
configure:4787: result: /Applications/Xcode.app/Contents/Developer/Toolchains/XcodeDefault.xctoolchain/usr/bin/ld
configure:4794: checking if the linker (/Applications/Xcode.app/Contents/Developer/Toolchains/XcodeDefault.xctoolchain/usr/bin/ld) is GNU ld
configure:4809: result: no
configure:4821: checking for BSD- or MS-compatible name lister (nm)
configure:4870: result: /usr/bin/nm
configure:5000: checking the name lister (/usr/bin/nm) interface
configure:5007: g++ -c -g -O2  conftest.cpp >&5
configure:5010: /usr/bin/nm "conftest.o"
configure:5013: output
0000000000000238 S _some_variable
configure:5020: result: BSD nm
configure:5023: checking whether ln -s works
configure:5027: result: yes
configure:5035: checking the maximum length of command line arguments
configure:5165: result: 196608
configure:5182: checking whether the shell understands some XSI constructs
configure:5192: result: yes
configure:5196: checking whether the shell understands "+="
configure:5202: result: yes
configure:5237: checking how to convert x86_64-apple-darwin13.1.0 file names to x86_64-apple-darwin13.1.0 format
configure:5277: result: func_convert_file_noop
configure:5284: checking how to convert x86_64-apple-darwin13.1.0 file names to toolchain format
configure:5304: result: func_convert_file_noop
configure:5311: checking for /Applications/Xcode.app/Contents/Developer/Toolchains/XcodeDefault.xctoolchain/usr/bin/ld option to reload object files
configure:5318: result: -r
configure:5392: checking for objdump
configure:5422: result: no
configure:5451: checking how to recognize dependent libraries
configure:5653: result: pass_all
configure:5738: checking for dlltool
configure:5768: result: no
configure:5798: checking how to associate runtime and link libraries
configure:5825: result: printf %s\n
configure:5886: checking for ar
configure:5902: found /usr/bin/ar
configure:5913: result: ar
configure:5950: checking for archiver @FILE support
configure:5967: g++ -c -g -O2  conftest.cpp >&5
configure:5967: $? = 0
configure:5970: ar cru libconftest.a @conftest.lst >&5
ar: @conftest.lst: No such file or directory
configure:5973: $? = 1
configure:5993: result: no
configure:6051: checking for strip
configure:6067: found /usr/bin/strip
configure:6078: result: strip
configure:6150: checking for ranlib
configure:6166: found /usr/bin/ranlib
configure:6177: result: ranlib
configure:6279: checking command to parse /usr/bin/nm output from gcc object
configure:6399: g++ -c -g -O2  conftest.cpp >&5
configure:6402: $? = 0
configure:6406: /usr/bin/nm conftest.o \| sed -n -e 's/^.*[ ]\([BCDEGRST][BCDEGRST]*\)[ ][ ]*\([_A-Za-z][_A-Za-z0-9]*\)$/\1 \2 \2/p' | sed '/ __gnu_lto/d' \> conftest.nm
configure:6409: $? = 0
cannot find nm_test_var in conftest.nm
configure:6399: g++ -c -g -O2  conftest.cpp >&5
configure:6402: $? = 0
configure:6406: /usr/bin/nm conftest.o \| sed -n -e 's/^.*[ ]\([BCDEGRST][BCDEGRST]*\)[ ][ ]*_\([_A-Za-z][_A-Za-z0-9]*\)$/\1 _\2 \2/p' | sed '/ __gnu_lto/d' \> conftest.nm
configure:6409: $? = 0
configure:6475: g++ -o conftest -g -O2   conftest.cpp conftstm.o >&5
configure:6478: $? = 0
configure:6516: result: ok
configure:6553: checking for sysroot
configure:6583: result: no
configure:6840: checking for mt
configure:6870: result: no
configure:6890: checking if : is a manifest tool
configure:6896: : '-?'
configure:6904: result: no
configure:6960: checking for dsymutil
configure:6976: found /usr/bin/dsymutil
configure:6987: result: dsymutil
configure:7052: checking for nmedit
configure:7068: found /usr/bin/nmedit
configure:7079: result: nmedit
configure:7144: checking for lipo
configure:7160: found /usr/bin/lipo
configure:7171: result: lipo
configure:7236: checking for otool
configure:7252: found /usr/bin/otool
configure:7263: result: otool
configure:7328: checking for otool64
configure:7358: result: no
configure:7403: checking for -single_module linker flag
gcc -g -O2  -o libconftest.dylib -dynamiclib -Wl,-single_module conftest.c
configure:7436: result: yes
configure:7439: checking for -exported_symbols_list linker flag
configure:7459: g++ -o conftest -g -O2   -Wl,-exported_symbols_list,conftest.sym conftest.cpp  >&5
configure:7459: $? = 0
configure:7469: result: yes
configure:7472: checking for -force_load linker flag
gcc -g -O2 -c -o conftest.o conftest.c
ar cru libconftest.a conftest.o
ranlib libconftest.a
gcc -g -O2  -o conftest conftest.c -Wl,-force_load,./libconftest.a
configure:7504: result: yes
configure:7546: checking how to run the C preprocessor
configure:7577: gcc -E  conftest.c
configure:7577: $? = 0
configure:7591: gcc -E  conftest.c
conftest.c:11:10: fatal error: 'ac_nonexistent.h' file not found
#include <ac_nonexistent.h>
         ^
1 error generated.
configure:7591: $? = 1
configure: failed program was:
| /* confdefs.h */
| #define PACKAGE_NAME "Google C++ Mocking Framework"
| #define PACKAGE_TARNAME "gmock"
| #define PACKAGE_VERSION "1.7.0"
| #define PACKAGE_STRING "Google C++ Mocking Framework 1.7.0"
| #define PACKAGE_BUGREPORT "googlemock@googlegroups.com"
| #define PACKAGE_URL ""
| #define PACKAGE "gmock"
| #define VERSION "1.7.0"
| /* end confdefs.h.  */
| #include <ac_nonexistent.h>
configure:7616: result: gcc -E
configure:7636: gcc -E  conftest.c
configure:7636: $? = 0
configure:7650: gcc -E  conftest.c
conftest.c:11:10: fatal error: 'ac_nonexistent.h' file not found
#include <ac_nonexistent.h>
         ^
1 error generated.
configure:7650: $? = 1
configure: failed program was:
| /* confdefs.h */
| #define PACKAGE_NAME "Google C++ Mocking Framework"
| #define PACKAGE_TARNAME "gmock"
| #define PACKAGE_VERSION "1.7.0"
| #define PACKAGE_STRING "Google C++ Mocking Framework 1.7.0"
| #define PACKAGE_BUGREPORT "googlemock@googlegroups.com"
| #define PACKAGE_URL ""
| #define PACKAGE "gmock"
| #define VERSION "1.7.0"
| /* end confdefs.h.  */
| #include <ac_nonexistent.h>
configure:7679: checking for ANSI C header files
configure:7699: gcc -c -g -O2  conftest.c >&5
configure:7699: $? = 0
configure:7772: gcc -o conftest -g -O2   conftest.c  >&5
configure:7772: $? = 0
configure:7772: ./conftest
configure:7772: $? = 0
configure:7783: result: yes
configure:7796: checking for sys/types.h
configure:7796: gcc -c -g -O2  conftest.c >&5
configure:7796: $? = 0
configure:7796: result: yes
configure:7796: checking for sys/stat.h
configure:7796: gcc -c -g -O2  conftest.c >&5
configure:7796: $? = 0
configure:7796: result: yes
configure:7796: checking for stdlib.h
configure:7796: gcc -c -g -O2  conftest.c >&5
configure:7796: $? = 0
configure:7796: result: yes
configure:7796: checking for string.h
configure:7796: gcc -c -g -O2  conftest.c >&5
configure:7796: $? = 0
configure:7796: result: yes
configure:7796: checking for memory.h
configure:7796: gcc -c -g -O2  conftest.c >&5
configure:7796: $? = 0
configure:7796: result: yes
configure:7796: checking for strings.h
configure:7796: gcc -c -g -O2  conftest.c >&5
configure:7796: $? = 0
configure:7796: result: yes
configure:7796: checking for inttypes.h
configure:7796: gcc -c -g -O2  conftest.c >&5
configure:7796: $? = 0
configure:7796: result: yes
configure:7796: checking for stdint.h
configure:7796: gcc -c -g -O2  conftest.c >&5
configure:7796: $? = 0
configure:7796: result: yes
configure:7796: checking for unistd.h
configure:7796: gcc -c -g -O2  conftest.c >&5
configure:7796: $? = 0
configure:7796: result: yes
configure:7810: checking for dlfcn.h
configure:7810: gcc -c -g -O2  conftest.c >&5
configure:7810: $? = 0
configure:7810: result: yes
configure:8026: checking for objdir
configure:8041: result: .libs
configure:8308: checking if gcc supports -fno-rtti -fno-exceptions
configure:8326: gcc -c -g -O2  -fno-rtti -fno-exceptions conftest.c >&5
configure:8330: $? = 0
configure:8343: result: yes
configure:8670: checking for gcc option to produce PIC
configure:8677: result: -fno-common -DPIC
configure:8685: checking if gcc PIC flag -fno-common -DPIC works
configure:8703: gcc -c -g -O2  -fno-common -DPIC -DPIC conftest.c >&5
configure:8707: $? = 0
configure:8720: result: yes
configure:8749: checking if gcc static flag -static works
configure:8777: result: no
configure:8792: checking if gcc supports -c -o file.o
configure:8813: gcc -c -g -O2  -o out/conftest2.o conftest.c >&5
configure:8817: $? = 0
configure:8839: result: yes
configure:8847: checking if gcc supports -c -o file.o
configure:8894: result: yes
configure:8927: checking whether the gcc linker (/Applications/Xcode.app/Contents/Developer/Toolchains/XcodeDefault.xctoolchain/usr/bin/ld) supports shared libraries
configure:10080: result: yes
configure:10320: checking dynamic linker characteristics
configure:11053: result: darwin13.1.0 dyld
configure:11160: checking how to hardcode library paths into programs
configure:11185: result: immediate
configure:11725: checking whether stripping libraries is possible
configure:11739: result: yes
configure:11765: checking if libtool supports shared libraries
configure:11767: result: yes
configure:11770: checking whether to build shared libraries
configure:11791: result: yes
configure:11794: checking whether to build static libraries
configure:11798: result: yes
configure:11821: checking how to run the C++ preprocessor
configure:11848: g++ -E  conftest.cpp
configure:11848: $? = 0
configure:11862: g++ -E  conftest.cpp
conftest.cpp:23:10: fatal error: 'ac_nonexistent.h' file not found
#include <ac_nonexistent.h>
         ^
1 error generated.
configure:11862: $? = 1
configure: failed program was:
| /* confdefs.h */
| #define PACKAGE_NAME "Google C++ Mocking Framework"
| #define PACKAGE_TARNAME "gmock"
| #define PACKAGE_VERSION "1.7.0"
| #define PACKAGE_STRING "Google C++ Mocking Framework 1.7.0"
| #define PACKAGE_BUGREPORT "googlemock@googlegroups.com"
| #define PACKAGE_URL ""
| #define PACKAGE "gmock"
| #define VERSION "1.7.0"
| #define STDC_HEADERS 1
| #define HAVE_SYS_TYPES_H 1
| #define HAVE_SYS_STAT_H 1
| #define HAVE_STDLIB_H 1
| #define HAVE_STRING_H 1
| #define HAVE_MEMORY_H 1
| #define HAVE_STRINGS_H 1
| #define HAVE_INTTYPES_H 1
| #define HAVE_STDINT_H 1
| #define HAVE_UNISTD_H 1
| #define HAVE_DLFCN_H 1
| #define LT_OBJDIR ".libs/"
| /* end confdefs.h.  */
| #include <ac_nonexistent.h>
configure:11887: result: g++ -E
configure:11907: g++ -E  conftest.cpp
configure:11907: $? = 0
configure:11921: g++ -E  conftest.cpp
conftest.cpp:23:10: fatal error: 'ac_nonexistent.h' file not found
#include <ac_nonexistent.h>
         ^
1 error generated.
configure:11921: $? = 1
configure: failed program was:
| /* confdefs.h */
| #define PACKAGE_NAME "Google C++ Mocking Framework"
| #define PACKAGE_TARNAME "gmock"
| #define PACKAGE_VERSION "1.7.0"
| #define PACKAGE_STRING "Google C++ Mocking Framework 1.7.0"
| #define PACKAGE_BUGREPORT "googlemock@googlegroups.com"
| #define PACKAGE_URL ""
| #define PACKAGE "gmock"
| #define VERSION "1.7.0"
| #define STDC_HEADERS 1
| #define HAVE_SYS_TYPES_H 1
| #define HAVE_SYS_STAT_H 1
| #define HAVE_STDLIB_H 1
| #define HAVE_STRING_H 1
| #define HAVE_MEMORY_H 1
| #define HAVE_STRINGS_H 1
| #define HAVE_INTTYPES_H 1
| #define HAVE_STDINT_H 1
| #define HAVE_UNISTD_H 1
| #define HAVE_DLFCN_H 1
| #define LT_OBJDIR ".libs/"
| /* end confdefs.h.  */
| #include <ac_nonexistent.h>
configure:12090: checking for ld used by g++
configure:12157: result: /Applications/Xcode.app/Contents/Developer/Toolchains/XcodeDefault.xctoolchain/usr/bin/ld
configure:12164: checking if the linker (/Applications/Xcode.app/Contents/Developer/Toolchains/XcodeDefault.xctoolchain/usr/bin/ld) is GNU ld
configure:12179: result: no
configure:12234: checking whether the g++ linker (/Applications/Xcode.app/Contents/Developer/Toolchains/XcodeDefault.xctoolchain/usr/bin/ld) supports shared libraries
configure:13239: result: yes
configure:13275: g++ -c -g -O2  conftest.cpp >&5
configure:13278: $? = 0
configure:13798: checking for g++ option to produce PIC
configure:13805: result: -fno-common -DPIC
configure:13813: checking if g++ PIC flag -fno-common -DPIC works
configure:13831: g++ -c -g -O2  -fno-common -DPIC -DPIC conftest.cpp >&5
configure:13835: $? = 0
configure:13848: result: yes
configure:13871: checking if g++ static flag -static works
configure:13899: result: no
configure:13911: checking if g++ supports -c -o file.o
configure:13932: g++ -c -g -O2  -o out/conftest2.o conftest.cpp >&5
configure:13936: $? = 0
configure:13958: result: yes
configure:13963: checking if g++ supports -c -o file.o
configure:14010: result: yes
configure:14040: checking whether the g++ linker (/Applications/Xcode.app/Contents/Developer/Toolchains/XcodeDefault.xctoolchain/usr/bin/ld) supports shared libraries
configure:14076: result: yes
configure:14217: checking dynamic linker characteristics
configure:14884: result: darwin13.1.0 dyld
configure:14937: checking how to hardcode library paths into programs
configure:14962: result: immediate
configure:15032: checking for python
configure:15050: found /usr/bin/python
configure:15063: result: /usr/bin/python
configure:15081: /usr/bin/python -c import sys # split strings by '.' and convert to numeric. Append some zeros # because we need at least 4 digits for the hex conversion. # map returns an iterator in Python 3.0 and a list in 2.x minver = list(map(int, '2.3'.split('.'))) + [0, 0, 0] minverhex = 0 # xrange is not present in Python 3.0 and range returns an iterator for i in list(range(0, 4)): minverhex = (minverhex << 8) + minver[i] sys.exit(sys.hexversion < minverhex)
configure:15084: $? = 0
configure:15279: checking for the pthreads library -lpthreads
configure:15312: gcc -o conftest -g -O2    conftest.c -lpthreads  >&5
ld: library not found for -lpthreads
clang: error: linker command failed with exit code 1 (use -v to see invocation)
configure:15312: $? = 1
configure: failed program was:
| /* confdefs.h */
| #define PACKAGE_NAME "Google C++ Mocking Framework"
| #define PACKAGE_TARNAME "gmock"
| #define PACKAGE_VERSION "1.7.0"
| #define PACKAGE_STRING "Google C++ Mocking Framework 1.7.0"
| #define PACKAGE_BUGREPORT "googlemock@googlegroups.com"
| #define PACKAGE_URL ""
| #define PACKAGE "gmock"
| #define VERSION "1.7.0"
| #define STDC_HEADERS 1
| #define HAVE_SYS_TYPES_H 1
| #define HAVE_SYS_STAT_H 1
| #define HAVE_STDLIB_H 1
| #define HAVE_STRING_H 1
| #define HAVE_MEMORY_H 1
| #define HAVE_STRINGS_H 1
| #define HAVE_INTTYPES_H 1
| #define HAVE_STDINT_H 1
| #define HAVE_UNISTD_H 1
| #define HAVE_DLFCN_H 1
| #define LT_OBJDIR ".libs/"
| /* end confdefs.h.  */
| #include <pthread.h>
| int
| main ()
| {
| pthread_t th; pthread_join(th, 0);
|                      pthread_attr_init(0); pthread_cleanup_push(0, 0);
|                      pthread_create(0,0,0,0); pthread_cleanup_pop(0);
|   ;
|   return 0;
| }
configure:15321: result: no
configure:15224: checking whether pthreads work without any flags
configure:15312: gcc -o conftest -g -O2    conftest.c   >&5
configure:15312: $? = 0
configure:15321: result: yes
configure:15340: checking for joinable pthread attribute
configure:15355: gcc -o conftest -g -O2    conftest.c   >&5
configure:15355: $? = 0
configure:15361: result: PTHREAD_CREATE_JOINABLE
configure:15371: checking if more special flags are required for pthreads
configure:15378: result: -D_THREAD_SAFE
configure:15467: checking whether to check for GCC pthread/shared inconsistencies
configure:15480: gcc -o conftest -shared -fPIC -Wl,-z,defs -g -O2 -D_THREAD_SAFE    conftest.c   >&5
ld: unknown option: -z
clang: error: linker command failed with exit code 1 (use -v to see invocation)
configure:15480: $? = 1
configure: failed program was:
| /* confdefs.h */
| #define PACKAGE_NAME "Google C++ Mocking Framework"
| #define PACKAGE_TARNAME "gmock"
| #define PACKAGE_VERSION "1.7.0"
| #define PACKAGE_STRING "Google C++ Mocking Framework 1.7.0"
| #define PACKAGE_BUGREPORT "googlemock@googlegroups.com"
| #define PACKAGE_URL ""
| #define PACKAGE "gmock"
| #define VERSION "1.7.0"
| #define STDC_HEADERS 1
| #define HAVE_SYS_TYPES_H 1
| #define HAVE_SYS_STAT_H 1
| #define HAVE_STDLIB_H 1
| #define HAVE_STRING_H 1
| #define HAVE_MEMORY_H 1
| #define HAVE_STRINGS_H 1
| #define HAVE_INTTYPES_H 1
| #define HAVE_STDINT_H 1
| #define HAVE_UNISTD_H 1
| #define HAVE_DLFCN_H 1
| #define LT_OBJDIR ".libs/"
| /* end confdefs.h.  */
| 
| int
| main ()
| {
| 
|   ;
|   return 0;
| }
configure:15489: result: no
configure:15715: checking for gtest-config
configure:15748: result: no
configure:15902: checking that generated files are newer than configure
configure:15908: result: done
configure:15943: creating ./config.status

## ---------------------- ##
## Running config.status. ##
## ---------------------- ##

This file was extended by Google C++ Mocking Framework config.status 1.7.0, which was
generated by GNU Autoconf 2.69.  Invocation command line was

  CONFIG_FILES    = 
  CONFIG_HEADERS  = 
  CONFIG_LINKS    = 
  CONFIG_COMMANDS = 
  $ ./config.status 

on Igors-MacBook-Pro.local

config.status:1158: creating Makefile
config.status:1158: creating scripts/gmock-config
config.status:1158: creating build-aux/config.h
config.status:1339: build-aux/config.h is unchanged
config.status:1387: executing depfiles commands
config.status:1387: executing libtool commands
configure:18500: === configuring in gtest (/Users/igor/Development/theciphers/deps/gmock-1.7.0/gtest)
configure:18563: running /bin/sh ./configure --disable-option-checking '--prefix=/usr/local'  --cache-file=/dev/null --srcdir=.

## ---------------- ##
## Cache variables. ##
## ---------------- ##

ac_cv_build=x86_64-apple-darwin13.1.0
ac_cv_c_compiler_gnu=yes
ac_cv_cxx_compiler_gnu=yes
ac_cv_env_CCC_set=
ac_cv_env_CCC_value=
ac_cv_env_CC_set=
ac_cv_env_CC_value=
ac_cv_env_CFLAGS_set=
ac_cv_env_CFLAGS_value=
ac_cv_env_CPPFLAGS_set=
ac_cv_env_CPPFLAGS_value=
ac_cv_env_CPP_set=
ac_cv_env_CPP_value=
ac_cv_env_CXXCPP_set=
ac_cv_env_CXXCPP_value=
ac_cv_env_CXXFLAGS_set=
ac_cv_env_CXXFLAGS_value=
ac_cv_env_CXX_set=
ac_cv_env_CXX_value=
ac_cv_env_GTEST_CONFIG_set=
ac_cv_env_GTEST_CONFIG_value=
ac_cv_env_GTEST_CPPFLAGS_set=
ac_cv_env_GTEST_CPPFLAGS_value=
ac_cv_env_GTEST_CXXFLAGS_set=
ac_cv_env_GTEST_CXXFLAGS_value=
ac_cv_env_GTEST_LDFLAGS_set=
ac_cv_env_GTEST_LDFLAGS_value=
ac_cv_env_GTEST_LIBS_set=
ac_cv_env_GTEST_LIBS_value=
ac_cv_env_GTEST_VERSION_set=
ac_cv_env_GTEST_VERSION_value=
ac_cv_env_LDFLAGS_set=
ac_cv_env_LDFLAGS_value=
ac_cv_env_LIBS_set=
ac_cv_env_LIBS_value=
ac_cv_env_build_alias_set=
ac_cv_env_build_alias_value=
ac_cv_env_host_alias_set=
ac_cv_env_host_alias_value=
ac_cv_env_target_alias_set=
ac_cv_env_target_alias_value=
ac_cv_header_dlfcn_h=yes
ac_cv_header_inttypes_h=yes
ac_cv_header_memory_h=yes
ac_cv_header_stdc=yes
ac_cv_header_stdint_h=yes
ac_cv_header_stdlib_h=yes
ac_cv_header_string_h=yes
ac_cv_header_strings_h=yes
ac_cv_header_sys_stat_h=yes
ac_cv_header_sys_types_h=yes
ac_cv_header_unistd_h=yes
ac_cv_host=x86_64-apple-darwin13.1.0
ac_cv_objext=o
ac_cv_path_EGREP='/usr/bin/grep -E'
ac_cv_path_FGREP='/usr/bin/grep -F'
ac_cv_path_GREP=/usr/bin/grep
ac_cv_path_PYTHON=/usr/bin/python
ac_cv_path_SED=/usr/bin/sed
ac_cv_path_install='/usr/bin/install -c'
ac_cv_prog_AWK=awk
ac_cv_prog_CPP='gcc -E'
ac_cv_prog_CXXCPP='g++ -E'
ac_cv_prog_ac_ct_AR=ar
ac_cv_prog_ac_ct_CC=gcc
ac_cv_prog_ac_ct_CXX=g++
ac_cv_prog_ac_ct_DSYMUTIL=dsymutil
ac_cv_prog_ac_ct_LIPO=lipo
ac_cv_prog_ac_ct_NMEDIT=nmedit
ac_cv_prog_ac_ct_OTOOL=otool
ac_cv_prog_ac_ct_RANLIB=ranlib
ac_cv_prog_ac_ct_STRIP=strip
ac_cv_prog_cc_c89=
ac_cv_prog_cc_g=yes
ac_cv_prog_cxx_g=yes
ac_cv_prog_make_make_set=yes
am_cv_CC_dependencies_compiler_type=gcc3
am_cv_CXX_dependencies_compiler_type=gcc3
am_cv_make_support_nested_variables=yes
lt_cv_apple_cc_single_mod=yes
lt_cv_ar_at_file=no
lt_cv_deplibs_check_method=pass_all
lt_cv_file_magic_cmd='$MAGIC_CMD'
lt_cv_file_magic_test_file=
lt_cv_ld_exported_symbols_list=yes
lt_cv_ld_force_load=yes
lt_cv_ld_reload_flag=-r
lt_cv_nm_interface='BSD nm'
lt_cv_objdir=.libs
lt_cv_path_LD=/Applications/Xcode.app/Contents/Developer/Toolchains/XcodeDefault.xctoolchain/usr/bin/ld
lt_cv_path_LDCXX=/Applications/Xcode.app/Contents/Developer/Toolchains/XcodeDefault.xctoolchain/usr/bin/ld
lt_cv_path_NM=/usr/bin/nm
lt_cv_path_mainfest_tool=no
lt_cv_prog_compiler_c_o=yes
lt_cv_prog_compiler_c_o_CXX=yes
lt_cv_prog_compiler_pic='-fno-common -DPIC'
lt_cv_prog_compiler_pic_CXX='-fno-common -DPIC'
lt_cv_prog_compiler_pic_works=yes
lt_cv_prog_compiler_pic_works_CXX=yes
lt_cv_prog_compiler_rtti_exceptions=yes
lt_cv_prog_compiler_static_works=no
lt_cv_prog_compiler_static_works_CXX=no
lt_cv_prog_gnu_ld=no
lt_cv_prog_gnu_ldcxx=no
lt_cv_sharedlib_from_linklib_cmd='printf %s\n'
lt_cv_sys_global_symbol_pipe='sed -n -e '\''s/^.*[	 ]\([BCDEGRST][BCDEGRST]*\)[	 ][	 ]*_\([_A-Za-z][_A-Za-z0-9]*\)$/\1 _\2 \2/p'\'' | sed '\''/ __gnu_lto/d'\'''
lt_cv_sys_global_symbol_to_c_name_address='sed -n -e '\''s/^: \([^ ]*\)[ ]*$/  {\"\1\", (void *) 0},/p'\'' -e '\''s/^[BCDEGRST]* \([^ ]*\) \([^ ]*\)$/  {"\2", (void *) \&\2},/p'\'''
lt_cv_sys_global_symbol_to_c_name_address_lib_prefix='sed -n -e '\''s/^: \([^ ]*\)[ ]*$/  {\"\1\", (void *) 0},/p'\'' -e '\''s/^[BCDEGRST]* \([^ ]*\) \(lib[^ ]*\)$/  {"\2", (void *) \&\2},/p'\'' -e '\''s/^[BCDEGRST]* \([^ ]*\) \([^ ]*\)$/  {"lib\2", (void *) \&\2},/p'\'''
lt_cv_sys_global_symbol_to_cdecl='sed -n -e '\''s/^T .* \(.*\)$/extern int \1();/p'\'' -e '\''s/^[BCDEGRST]* .* \(.*\)$/extern char \1;/p'\'''
lt_cv_sys_max_cmd_len=196608
lt_cv_to_host_file_cmd=func_convert_file_noop
lt_cv_to_tool_file_cmd=func_convert_file_noop

## ----------------- ##
## Output variables. ##
## ----------------- ##

ACLOCAL='${SHELL} /Users/igor/Development/theciphers/deps/gmock-1.7.0/build-aux/missing aclocal-1.13'
AMDEPBACKSLASH='\'
AMDEP_FALSE='#'
AMDEP_TRUE=''
AMTAR='$${TAR-tar}'
AM_BACKSLASH='\'
AM_DEFAULT_V='$(AM_DEFAULT_VERBOSITY)'
AM_DEFAULT_VERBOSITY='1'
AM_V='$(V)'
AR='ar'
AUTOCONF='${SHELL} /Users/igor/Development/theciphers/deps/gmock-1.7.0/build-aux/missing autoconf'
AUTOHEADER='${SHELL} /Users/igor/Development/theciphers/deps/gmock-1.7.0/build-aux/missing autoheader'
AUTOMAKE='${SHELL} /Users/igor/Development/theciphers/deps/gmock-1.7.0/build-aux/missing automake-1.13'
AWK='awk'
CC='gcc'
CCDEPMODE='depmode=gcc3'
CFLAGS='-g -O2'
CPP='gcc -E'
CPPFLAGS=''
CXX='g++'
CXXCPP='g++ -E'
CXXDEPMODE='depmode=gcc3'
CXXFLAGS='-g -O2'
CYGPATH_W='echo'
DEFS='-DHAVE_CONFIG_H'
DEPDIR='.deps'
DLLTOOL='false'
DSYMUTIL='dsymutil'
DUMPBIN=''
ECHO_C='\c'
ECHO_N=''
ECHO_T=''
EGREP='/usr/bin/grep -E'
EXEEXT=''
FGREP='/usr/bin/grep -F'
GREP='/usr/bin/grep'
GTEST_CONFIG='/Users/igor/Development/theciphers/deps/gmock-1.7.0/gtest/scripts/gtest-config'
GTEST_CPPFLAGS='-I$(top_srcdir)/gtest/include'
GTEST_CXXFLAGS='-g'
GTEST_LDFLAGS=''
GTEST_LIBS='$(top_builddir)/gtest/lib/libgtest.la'
GTEST_VERSION='1.7.0'
HAVE_PTHREADS_FALSE='#'
HAVE_PTHREADS_TRUE=''
HAVE_PYTHON_FALSE='#'
HAVE_PYTHON_TRUE=''
INSTALL_DATA='${INSTALL} -m 644'
INSTALL_PROGRAM='${INSTALL}'
INSTALL_SCRIPT='${INSTALL}'
INSTALL_STRIP_PROGRAM='$(install_sh) -c -s'
LD='/Applications/Xcode.app/Contents/Developer/Toolchains/XcodeDefault.xctoolchain/usr/bin/ld'
LDFLAGS=''
LIBOBJS=''
LIBS=''
LIBTOOL='$(SHELL) $(top_builddir)/libtool'
LIPO='lipo'
LN_S='ln -s'
LTLIBOBJS=''
MAKEINFO='${SHELL} /Users/igor/Development/theciphers/deps/gmock-1.7.0/build-aux/missing makeinfo'
MANIFEST_TOOL=':'
MKDIR_P='build-aux/install-sh -c -d'
NM='/usr/bin/nm'
NMEDIT='nmedit'
OBJDUMP='false'
OBJEXT='o'
OTOOL64=':'
OTOOL='otool'
PACKAGE='gmock'
PACKAGE_BUGREPORT='googlemock@googlegroups.com'
PACKAGE_NAME='Google C++ Mocking Framework'
PACKAGE_STRING='Google C++ Mocking Framework 1.7.0'
PACKAGE_TARNAME='gmock'
PACKAGE_URL=''
PACKAGE_VERSION='1.7.0'
PATH_SEPARATOR=':'
PTHREAD_CC='gcc'
PTHREAD_CFLAGS='-D_THREAD_SAFE '
PTHREAD_LIBS=''
PYTHON='/usr/bin/python'
RANLIB='ranlib'
SED='/usr/bin/sed'
SET_MAKE=''
SHELL='/bin/sh'
STRIP='strip'
VERSION='1.7.0'
ac_ct_AR='ar'
ac_ct_CC='gcc'
ac_ct_CXX='g++'
ac_ct_DUMPBIN=''
acx_pthread_config=''
am__EXEEXT_FALSE=''
am__EXEEXT_TRUE='#'
am__fastdepCC_FALSE='#'
am__fastdepCC_TRUE=''
am__fastdepCXX_FALSE='#'
am__fastdepCXX_TRUE=''
am__include='include'
am__isrc=''
am__leading_dot='.'
am__nodep='_no'
am__quote=''
am__tar='$${TAR-tar} chof - "$$tardir"'
am__untar='$${TAR-tar} xf -'
bindir='${exec_prefix}/bin'
build='x86_64-apple-darwin13.1.0'
build_alias=''
build_cpu='x86_64'
build_os='darwin13.1.0'
build_vendor='apple'
datadir='${datarootdir}'
datarootdir='${prefix}/share'
docdir='${datarootdir}/doc/${PACKAGE_TARNAME}'
dvidir='${docdir}'
exec_prefix='${prefix}'
host='x86_64-apple-darwin13.1.0'
host_alias=''
host_cpu='x86_64'
host_os='darwin13.1.0'
host_vendor='apple'
htmldir='${docdir}'
includedir='${prefix}/include'
infodir='${datarootdir}/info'
install_sh='${SHELL} /Users/igor/Development/theciphers/deps/gmock-1.7.0/build-aux/install-sh'
libdir='${exec_prefix}/lib'
libexecdir='${exec_prefix}/libexec'
localedir='${datarootdir}/locale'
localstatedir='${prefix}/var'
mandir='${datarootdir}/man'
mkdir_p='$(MKDIR_P)'
oldincludedir='/usr/include'
pdfdir='${docdir}'
prefix='/usr/local'
program_transform_name='s,x,x,'
psdir='${docdir}'
sbindir='${exec_prefix}/sbin'
sharedstatedir='${prefix}/com'
subdirs=' gtest'
sysconfdir='${prefix}/etc'
target_alias=''

## ----------- ##
## confdefs.h. ##
## ----------- ##

/* confdefs.h */
#define PACKAGE_NAME "Google C++ Mocking Framework"
#define PACKAGE_TARNAME "gmock"
#define PACKAGE_VERSION "1.7.0"
#define PACKAGE_STRING "Google C++ Mocking Framework 1.7.0"
#define PACKAGE_BUGREPORT "googlemock@googlegroups.com"
#define PACKAGE_URL ""
#define PACKAGE "gmock"
#define VERSION "1.7.0"
#define STDC_HEADERS 1
#define HAVE_SYS_TYPES_H 1
#define HAVE_SYS_STAT_H 1
#define HAVE_STDLIB_H 1
#define HAVE_STRING_H 1
#define HAVE_MEMORY_H 1
#define HAVE_STRINGS_H 1
#define HAVE_INTTYPES_H 1
#define HAVE_STDINT_H 1
#define HAVE_UNISTD_H 1
#define HAVE_DLFCN_H 1
#define LT_OBJDIR ".libs/"
#define HAVE_PTHREAD 1

configure: exit 0
