This file contains any messages produced by compilers while
running configure, to aid debugging if configure makes a mistake.

It was created by Google C++ Testing Framework configure 1.7.0, which was
generated by GNU Autoconf 2.69.  Invocation command line was

  $ ./configure --disable-option-checking --prefix=/usr/local --cache-file=/dev/null --srcdir=.

## --------- ##
## Platform. ##
## --------- ##

hostname = Igors-MacBook-Pro.local
uname -m = x86_64
uname -r = 13.1.0
uname -s = Darwin
uname -v = Darwin Kernel Version 13.1.0: Thu Jan 16 19:40:37 PST 2014; root:xnu-2422.90.20~2/RELEASE_X86_64

/usr/bin/uname -p = i386
/bin/uname -X     = unknown

/bin/arch              = unknown
/usr/bin/arch -k       = unknown
/usr/convex/getsysinfo = unknown
/usr/bin/hostinfo      = Mach kernel version:
	 Darwin Kernel Version 13.1.0: Thu Jan 16 19:40:37 PST 2014; root:xnu-2422.90.20~2/RELEASE_X86_64
Kernel configured for up to 8 processors.
4 processors are physically available.
8 processors are logically available.
Processor type: i486 (Intel 80486)
Processors active: 0 1 2 3 4 5 6 7
Primary memory available: 8.00 gigabytes
Default processor set: 208 tasks, 912 threads, 8 processors
Load average: 2.53, Mach factor: 5.46
/bin/machine           = unknown
/usr/bin/oslevel       = unknown
/bin/universe          = unknown

PATH: /Users/igor/.rvm/gems/ruby-2.0.0-p0/bin
PATH: /Users/igor/.rvm/gems/ruby-2.0.0-p0@global/bin
PATH: /Users/igor/.rvm/rubies/ruby-2.0.0-p0/bin
PATH: /Users/igor/.rvm/bin
PATH: /Users/igor/Development/appengine-java-sdk-1.7.4/bin 
PATH: /usr/bin
PATH: /bin
PATH: /usr/sbin
PATH: /sbin
PATH: /usr/local/bin
PATH: /Applications/MAMP/Library/bin
PATH: /Users/igor/Development/mongodb-osx-x86_64-2.2.0/bin
PATH: /usr/local/share/npm/bin
PATH: /Library/PostgreSQL/9.2/bin
PATH: /usr/local/git/bin


## ----------- ##
## Core tests. ##
## ----------- ##

configure:2320: checking for a BSD-compatible install
configure:2388: result: /usr/bin/install -c
configure:2399: checking whether build environment is sane
configure:2454: result: yes
configure:2605: checking for a thread-safe mkdir -p
configure:2644: result: build-aux/install-sh -c -d
configure:2651: checking for gawk
configure:2681: result: no
configure:2651: checking for mawk
configure:2681: result: no
configure:2651: checking for nawk
configure:2681: result: no
configure:2651: checking for awk
configure:2667: found /usr/bin/awk
configure:2678: result: awk
configure:2689: checking whether make sets $(MAKE)
configure:2711: result: yes
configure:2740: checking whether make supports nested variables
configure:2757: result: yes
configure:2886: checking for gcc
configure:2902: found /usr/bin/gcc
configure:2913: result: gcc
configure:3142: checking for C compiler version
configure:3151: gcc --version >&5
Apple LLVM version 5.1 (clang-503.0.38) (based on LLVM 3.4svn)
Target: x86_64-apple-darwin13.1.0
Thread model: posix
Configured with: --prefix=/Applications/Xcode.app/Contents/Developer/usr --with-gxx-include-dir=/usr/include/c++/4.2.1
configure:3162: $? = 0
configure:3151: gcc -v >&5
Configured with: --prefix=/Applications/Xcode.app/Contents/Developer/usr --with-gxx-include-dir=/usr/include/c++/4.2.1
Apple LLVM version 5.1 (clang-503.0.38) (based on LLVM 3.4svn)
Target: x86_64-apple-darwin13.1.0
Thread model: posix
configure:3162: $? = 0
configure:3151: gcc -V >&5
clang: error: argument to '-V' is missing (expected 1 value)
clang: error: no input files
configure:3162: $? = 1
configure:3151: gcc -qversion >&5
clang: error: unknown argument: '-qversion' [-Wunused-command-line-argument-hard-error-in-future]
clang: note: this will be a hard error (cannot be downgraded to a warning) in the future
clang: error: no input files
configure:3162: $? = 1
configure:3182: checking whether the C compiler works
configure:3204: gcc    conftest.c  >&5
configure:3208: $? = 0
configure:3256: result: yes
configure:3259: checking for C compiler default output file name
configure:3261: result: a.out
configure:3267: checking for suffix of executables
configure:3274: gcc -o conftest    conftest.c  >&5
configure:3278: $? = 0
configure:3300: result: 
configure:3322: checking whether we are cross compiling
configure:3330: gcc -o conftest    conftest.c  >&5
configure:3334: $? = 0
configure:3341: ./conftest
configure:3345: $? = 0
configure:3360: result: no
configure:3365: checking for suffix of object files
configure:3387: gcc -c   conftest.c >&5
configure:3391: $? = 0
configure:3412: result: o
configure:3416: checking whether we are using the GNU C compiler
configure:3435: gcc -c   conftest.c >&5
configure:3435: $? = 0
configure:3444: result: yes
configure:3453: checking whether gcc accepts -g
configure:3473: gcc -c -g  conftest.c >&5
configure:3473: $? = 0
configure:3514: result: yes
configure:3531: checking for gcc option to accept ISO C89
configure:3594: gcc  -c -g -O2  conftest.c >&5
configure:3594: $? = 0
configure:3607: result: none needed
configure:3638: checking for style of include used by make
configure:3666: result: GNU
configure:3692: checking dependency style of gcc
configure:3803: result: gcc3
configure:3876: checking for g++
configure:3892: found /usr/bin/g++
configure:3903: result: g++
configure:3930: checking for C++ compiler version
configure:3939: g++ --version >&5
Apple LLVM version 5.1 (clang-503.0.38) (based on LLVM 3.4svn)
Target: x86_64-apple-darwin13.1.0
Thread model: posix
Configured with: --prefix=/Applications/Xcode.app/Contents/Developer/usr --with-gxx-include-dir=/usr/include/c++/4.2.1
configure:3950: $? = 0
configure:3939: g++ -v >&5
Configured with: --prefix=/Applications/Xcode.app/Contents/Developer/usr --with-gxx-include-dir=/usr/include/c++/4.2.1
Apple LLVM version 5.1 (clang-503.0.38) (based on LLVM 3.4svn)
Target: x86_64-apple-darwin13.1.0
Thread model: posix
configure:3950: $? = 0
configure:3939: g++ -V >&5
clang: error: argument to '-V' is missing (expected 1 value)
clang: error: no input files
configure:3950: $? = 1
configure:3939: g++ -qversion >&5
clang: error: unknown argument: '-qversion' [-Wunused-command-line-argument-hard-error-in-future]
clang: note: this will be a hard error (cannot be downgraded to a warning) in the future
clang: error: no input files
configure:3950: $? = 1
configure:3954: checking whether we are using the GNU C++ compiler
configure:3973: g++ -c   conftest.cpp >&5
configure:3973: $? = 0
configure:3982: result: yes
configure:3991: checking whether g++ accepts -g
configure:4011: g++ -c -g  conftest.cpp >&5
configure:4011: $? = 0
configure:4052: result: yes
configure:4077: checking dependency style of g++
configure:4188: result: gcc3
configure:4238: checking build system type
configure:4252: result: x86_64-apple-darwin13.1.0
configure:4272: checking host system type
configure:4285: result: x86_64-apple-darwin13.1.0
configure:4326: checking how to print strings
configure:4353: result: printf
configure:4374: checking for a sed that does not truncate output
configure:4438: result: /usr/bin/sed
configure:4456: checking for grep that handles long lines and -e
configure:4514: result: /usr/bin/grep
configure:4519: checking for egrep
configure:4581: result: /usr/bin/grep -E
configure:4586: checking for fgrep
configure:4648: result: /usr/bin/grep -F
configure:4683: checking for ld used by gcc
configure:4750: result: /Applications/Xcode.app/Contents/Developer/Toolchains/XcodeDefault.xctoolchain/usr/bin/ld
configure:4757: checking if the linker (/Applications/Xcode.app/Contents/Developer/Toolchains/XcodeDefault.xctoolchain/usr/bin/ld) is GNU ld
configure:4772: result: no
configure:4784: checking for BSD- or MS-compatible name lister (nm)
configure:4833: result: /usr/bin/nm
configure:4963: checking the name lister (/usr/bin/nm) interface
configure:4970: g++ -c -g -O2  conftest.cpp >&5
configure:4973: /usr/bin/nm "conftest.o"
configure:4976: output
000000000000023c S _some_variable
configure:4983: result: BSD nm
configure:4986: checking whether ln -s works
configure:4990: result: yes
configure:4998: checking the maximum length of command line arguments
configure:5128: result: 196608
configure:5145: checking whether the shell understands some XSI constructs
configure:5155: result: yes
configure:5159: checking whether the shell understands "+="
configure:5165: result: yes
configure:5200: checking how to convert x86_64-apple-darwin13.1.0 file names to x86_64-apple-darwin13.1.0 format
configure:5240: result: func_convert_file_noop
configure:5247: checking how to convert x86_64-apple-darwin13.1.0 file names to toolchain format
configure:5267: result: func_convert_file_noop
configure:5274: checking for /Applications/Xcode.app/Contents/Developer/Toolchains/XcodeDefault.xctoolchain/usr/bin/ld option to reload object files
configure:5281: result: -r
configure:5355: checking for objdump
configure:5385: result: no
configure:5414: checking how to recognize dependent libraries
configure:5616: result: pass_all
configure:5701: checking for dlltool
configure:5731: result: no
configure:5761: checking how to associate runtime and link libraries
configure:5788: result: printf %s\n
configure:5849: checking for ar
configure:5865: found /usr/bin/ar
configure:5876: result: ar
configure:5913: checking for archiver @FILE support
configure:5930: g++ -c -g -O2  conftest.cpp >&5
configure:5930: $? = 0
configure:5933: ar cru libconftest.a @conftest.lst >&5
ar: @conftest.lst: No such file or directory
configure:5936: $? = 1
configure:5956: result: no
configure:6014: checking for strip
configure:6030: found /usr/bin/strip
configure:6041: result: strip
configure:6113: checking for ranlib
configure:6129: found /usr/bin/ranlib
configure:6140: result: ranlib
configure:6242: checking command to parse /usr/bin/nm output from gcc object
configure:6362: g++ -c -g -O2  conftest.cpp >&5
configure:6365: $? = 0
configure:6369: /usr/bin/nm conftest.o \| sed -n -e 's/^.*[ ]\([BCDEGRST][BCDEGRST]*\)[ ][ ]*\([_A-Za-z][_A-Za-z0-9]*\)$/\1 \2 \2/p' | sed '/ __gnu_lto/d' \> conftest.nm
configure:6372: $? = 0
cannot find nm_test_var in conftest.nm
configure:6362: g++ -c -g -O2  conftest.cpp >&5
configure:6365: $? = 0
configure:6369: /usr/bin/nm conftest.o \| sed -n -e 's/^.*[ ]\([BCDEGRST][BCDEGRST]*\)[ ][ ]*_\([_A-Za-z][_A-Za-z0-9]*\)$/\1 _\2 \2/p' | sed '/ __gnu_lto/d' \> conftest.nm
configure:6372: $? = 0
configure:6438: g++ -o conftest -g -O2   conftest.cpp conftstm.o >&5
configure:6441: $? = 0
configure:6479: result: ok
configure:6516: checking for sysroot
configure:6546: result: no
configure:6803: checking for mt
configure:6833: result: no
configure:6853: checking if : is a manifest tool
configure:6859: : '-?'
configure:6867: result: no
configure:6923: checking for dsymutil
configure:6939: found /usr/bin/dsymutil
configure:6950: result: dsymutil
configure:7015: checking for nmedit
configure:7031: found /usr/bin/nmedit
configure:7042: result: nmedit
configure:7107: checking for lipo
configure:7123: found /usr/bin/lipo
configure:7134: result: lipo
configure:7199: checking for otool
configure:7215: found /usr/bin/otool
configure:7226: result: otool
configure:7291: checking for otool64
configure:7321: result: no
configure:7366: checking for -single_module linker flag
gcc -g -O2  -o libconftest.dylib -dynamiclib -Wl,-single_module conftest.c
configure:7399: result: yes
configure:7402: checking for -exported_symbols_list linker flag
configure:7422: g++ -o conftest -g -O2   -Wl,-exported_symbols_list,conftest.sym conftest.cpp  >&5
configure:7422: $? = 0
configure:7432: result: yes
configure:7435: checking for -force_load linker flag
gcc -g -O2 -c -o conftest.o conftest.c
ar cru libconftest.a conftest.o
ranlib libconftest.a
gcc -g -O2  -o conftest conftest.c -Wl,-force_load,./libconftest.a
configure:7467: result: yes
configure:7509: checking how to run the C preprocessor
configure:7540: gcc -E  conftest.c
configure:7540: $? = 0
configure:7554: gcc -E  conftest.c
conftest.c:11:10: fatal error: 'ac_nonexistent.h' file not found
#include <ac_nonexistent.h>
         ^
1 error generated.
configure:7554: $? = 1
configure: failed program was:
| /* confdefs.h */
| #define PACKAGE_NAME "Google C++ Testing Framework"
| #define PACKAGE_TARNAME "gtest"
| #define PACKAGE_VERSION "1.7.0"
| #define PACKAGE_STRING "Google C++ Testing Framework 1.7.0"
| #define PACKAGE_BUGREPORT "googletestframework@googlegroups.com"
| #define PACKAGE_URL ""
| #define PACKAGE "gtest"
| #define VERSION "1.7.0"
| /* end confdefs.h.  */
| #include <ac_nonexistent.h>
configure:7579: result: gcc -E
configure:7599: gcc -E  conftest.c
configure:7599: $? = 0
configure:7613: gcc -E  conftest.c
conftest.c:11:10: fatal error: 'ac_nonexistent.h' file not found
#include <ac_nonexistent.h>
         ^
1 error generated.
configure:7613: $? = 1
configure: failed program was:
| /* confdefs.h */
| #define PACKAGE_NAME "Google C++ Testing Framework"
| #define PACKAGE_TARNAME "gtest"
| #define PACKAGE_VERSION "1.7.0"
| #define PACKAGE_STRING "Google C++ Testing Framework 1.7.0"
| #define PACKAGE_BUGREPORT "googletestframework@googlegroups.com"
| #define PACKAGE_URL ""
| #define PACKAGE "gtest"
| #define VERSION "1.7.0"
| /* end confdefs.h.  */
| #include <ac_nonexistent.h>
configure:7642: checking for ANSI C header files
configure:7662: gcc -c -g -O2  conftest.c >&5
configure:7662: $? = 0
configure:7735: gcc -o conftest -g -O2   conftest.c  >&5
configure:7735: $? = 0
configure:7735: ./conftest
configure:7735: $? = 0
configure:7746: result: yes
configure:7759: checking for sys/types.h
configure:7759: gcc -c -g -O2  conftest.c >&5
configure:7759: $? = 0
configure:7759: result: yes
configure:7759: checking for sys/stat.h
configure:7759: gcc -c -g -O2  conftest.c >&5
configure:7759: $? = 0
configure:7759: result: yes
configure:7759: checking for stdlib.h
configure:7759: gcc -c -g -O2  conftest.c >&5
configure:7759: $? = 0
configure:7759: result: yes
configure:7759: checking for string.h
configure:7759: gcc -c -g -O2  conftest.c >&5
configure:7759: $? = 0
configure:7759: result: yes
configure:7759: checking for memory.h
configure:7759: gcc -c -g -O2  conftest.c >&5
configure:7759: $? = 0
configure:7759: result: yes
configure:7759: checking for strings.h
configure:7759: gcc -c -g -O2  conftest.c >&5
configure:7759: $? = 0
configure:7759: result: yes
configure:7759: checking for inttypes.h
configure:7759: gcc -c -g -O2  conftest.c >&5
configure:7759: $? = 0
configure:7759: result: yes
configure:7759: checking for stdint.h
configure:7759: gcc -c -g -O2  conftest.c >&5
configure:7759: $? = 0
configure:7759: result: yes
configure:7759: checking for unistd.h
configure:7759: gcc -c -g -O2  conftest.c >&5
configure:7759: $? = 0
configure:7759: result: yes
configure:7773: checking for dlfcn.h
configure:7773: gcc -c -g -O2  conftest.c >&5
configure:7773: $? = 0
configure:7773: result: yes
configure:7989: checking for objdir
configure:8004: result: .libs
configure:8275: checking if gcc supports -fno-rtti -fno-exceptions
configure:8293: gcc -c -g -O2  -fno-rtti -fno-exceptions conftest.c >&5
configure:8297: $? = 0
configure:8310: result: yes
configure:8637: checking for gcc option to produce PIC
configure:8644: result: -fno-common -DPIC
configure:8652: checking if gcc PIC flag -fno-common -DPIC works
configure:8670: gcc -c -g -O2  -fno-common -DPIC -DPIC conftest.c >&5
configure:8674: $? = 0
configure:8687: result: yes
configure:8716: checking if gcc static flag -static works
configure:8744: result: no
configure:8759: checking if gcc supports -c -o file.o
configure:8780: gcc -c -g -O2  -o out/conftest2.o conftest.c >&5
configure:8784: $? = 0
configure:8806: result: yes
configure:8814: checking if gcc supports -c -o file.o
configure:8861: result: yes
configure:8894: checking whether the gcc linker (/Applications/Xcode.app/Contents/Developer/Toolchains/XcodeDefault.xctoolchain/usr/bin/ld) supports shared libraries
configure:10047: result: yes
configure:10287: checking dynamic linker characteristics
configure:11020: result: darwin13.1.0 dyld
configure:11127: checking how to hardcode library paths into programs
configure:11152: result: immediate
configure:11692: checking whether stripping libraries is possible
configure:11706: result: yes
configure:11732: checking if libtool supports shared libraries
configure:11734: result: yes
configure:11737: checking whether to build shared libraries
configure:11758: result: yes
configure:11761: checking whether to build static libraries
configure:11765: result: yes
configure:11788: checking how to run the C++ preprocessor
configure:11815: g++ -E  conftest.cpp
configure:11815: $? = 0
configure:11829: g++ -E  conftest.cpp
conftest.cpp:23:10: fatal error: 'ac_nonexistent.h' file not found
#include <ac_nonexistent.h>
         ^
1 error generated.
configure:11829: $? = 1
configure: failed program was:
| /* confdefs.h */
| #define PACKAGE_NAME "Google C++ Testing Framework"
| #define PACKAGE_TARNAME "gtest"
| #define PACKAGE_VERSION "1.7.0"
| #define PACKAGE_STRING "Google C++ Testing Framework 1.7.0"
| #define PACKAGE_BUGREPORT "googletestframework@googlegroups.com"
| #define PACKAGE_URL ""
| #define PACKAGE "gtest"
| #define VERSION "1.7.0"
| #define STDC_HEADERS 1
| #define HAVE_SYS_TYPES_H 1
| #define HAVE_SYS_STAT_H 1
| #define HAVE_STDLIB_H 1
| #define HAVE_STRING_H 1
| #define HAVE_MEMORY_H 1
| #define HAVE_STRINGS_H 1
| #define HAVE_INTTYPES_H 1
| #define HAVE_STDINT_H 1
| #define HAVE_UNISTD_H 1
| #define HAVE_DLFCN_H 1
| #define LT_OBJDIR ".libs/"
| /* end confdefs.h.  */
| #include <ac_nonexistent.h>
configure:11854: result: g++ -E
configure:11874: g++ -E  conftest.cpp
configure:11874: $? = 0
configure:11888: g++ -E  conftest.cpp
conftest.cpp:23:10: fatal error: 'ac_nonexistent.h' file not found
#include <ac_nonexistent.h>
         ^
1 error generated.
configure:11888: $? = 1
configure: failed program was:
| /* confdefs.h */
| #define PACKAGE_NAME "Google C++ Testing Framework"
| #define PACKAGE_TARNAME "gtest"
| #define PACKAGE_VERSION "1.7.0"
| #define PACKAGE_STRING "Google C++ Testing Framework 1.7.0"
| #define PACKAGE_BUGREPORT "googletestframework@googlegroups.com"
| #define PACKAGE_URL ""
| #define PACKAGE "gtest"
| #define VERSION "1.7.0"
| #define STDC_HEADERS 1
| #define HAVE_SYS_TYPES_H 1
| #define HAVE_SYS_STAT_H 1
| #define HAVE_STDLIB_H 1
| #define HAVE_STRING_H 1
| #define HAVE_MEMORY_H 1
| #define HAVE_STRINGS_H 1
| #define HAVE_INTTYPES_H 1
| #define HAVE_STDINT_H 1
| #define HAVE_UNISTD_H 1
| #define HAVE_DLFCN_H 1
| #define LT_OBJDIR ".libs/"
| /* end confdefs.h.  */
| #include <ac_nonexistent.h>
configure:12057: checking for ld used by g++
configure:12124: result: /Applications/Xcode.app/Contents/Developer/Toolchains/XcodeDefault.xctoolchain/usr/bin/ld
configure:12131: checking if the linker (/Applications/Xcode.app/Contents/Developer/Toolchains/XcodeDefault.xctoolchain/usr/bin/ld) is GNU ld
configure:12146: result: no
configure:12201: checking whether the g++ linker (/Applications/Xcode.app/Contents/Developer/Toolchains/XcodeDefault.xctoolchain/usr/bin/ld) supports shared libraries
configure:13206: result: yes
configure:13242: g++ -c -g -O2  conftest.cpp >&5
configure:13245: $? = 0
configure:13765: checking for g++ option to produce PIC
configure:13772: result: -fno-common -DPIC
configure:13780: checking if g++ PIC flag -fno-common -DPIC works
configure:13798: g++ -c -g -O2  -fno-common -DPIC -DPIC conftest.cpp >&5
configure:13802: $? = 0
configure:13815: result: yes
configure:13838: checking if g++ static flag -static works
configure:13866: result: no
configure:13878: checking if g++ supports -c -o file.o
configure:13899: g++ -c -g -O2  -o out/conftest2.o conftest.cpp >&5
configure:13903: $? = 0
configure:13925: result: yes
configure:13930: checking if g++ supports -c -o file.o
configure:13977: result: yes
configure:14007: checking whether the g++ linker (/Applications/Xcode.app/Contents/Developer/Toolchains/XcodeDefault.xctoolchain/usr/bin/ld) supports shared libraries
configure:14043: result: yes
configure:14184: checking dynamic linker characteristics
configure:14851: result: darwin13.1.0 dyld
configure:14904: checking how to hardcode library paths into programs
configure:14929: result: immediate
configure:14999: checking for python
configure:15017: found /usr/bin/python
configure:15030: result: /usr/bin/python
configure:15048: /usr/bin/python -c import sys # split strings by '.' and convert to numeric. Append some zeros # because we need at least 4 digits for the hex conversion. # map returns an iterator in Python 3.0 and a list in 2.x minver = list(map(int, '2.3'.split('.'))) + [0, 0, 0] minverhex = 0 # xrange is not present in Python 3.0 and range returns an iterator for i in list(range(0, 4)): minverhex = (minverhex << 8) + minver[i] sys.exit(sys.hexversion < minverhex)
configure:15051: $? = 0
configure:15244: checking for the pthreads library -lpthreads
configure:15277: gcc -o conftest -g -O2    conftest.c -lpthreads  >&5
ld: library not found for -lpthreads
clang: error: linker command failed with exit code 1 (use -v to see invocation)
configure:15277: $? = 1
configure: failed program was:
| /* confdefs.h */
| #define PACKAGE_NAME "Google C++ Testing Framework"
| #define PACKAGE_TARNAME "gtest"
| #define PACKAGE_VERSION "1.7.0"
| #define PACKAGE_STRING "Google C++ Testing Framework 1.7.0"
| #define PACKAGE_BUGREPORT "googletestframework@googlegroups.com"
| #define PACKAGE_URL ""
| #define PACKAGE "gtest"
| #define VERSION "1.7.0"
| #define STDC_HEADERS 1
| #define HAVE_SYS_TYPES_H 1
| #define HAVE_SYS_STAT_H 1
| #define HAVE_STDLIB_H 1
| #define HAVE_STRING_H 1
| #define HAVE_MEMORY_H 1
| #define HAVE_STRINGS_H 1
| #define HAVE_INTTYPES_H 1
| #define HAVE_STDINT_H 1
| #define HAVE_UNISTD_H 1
| #define HAVE_DLFCN_H 1
| #define LT_OBJDIR ".libs/"
| /* end confdefs.h.  */
| #include <pthread.h>
| int
| main ()
| {
| pthread_t th; pthread_join(th, 0);
|                      pthread_attr_init(0); pthread_cleanup_push(0, 0);
|                      pthread_create(0,0,0,0); pthread_cleanup_pop(0);
|   ;
|   return 0;
| }
configure:15286: result: no
configure:15189: checking whether pthreads work without any flags
configure:15277: gcc -o conftest -g -O2    conftest.c   >&5
configure:15277: $? = 0
configure:15286: result: yes
configure:15305: checking for joinable pthread attribute
configure:15320: gcc -o conftest -g -O2    conftest.c   >&5
configure:15320: $? = 0
configure:15326: result: PTHREAD_CREATE_JOINABLE
configure:15336: checking if more special flags are required for pthreads
configure:15343: result: -D_THREAD_SAFE
configure:15432: checking whether to check for GCC pthread/shared inconsistencies
configure:15445: gcc -o conftest -shared -fPIC -Wl,-z,defs -g -O2 -D_THREAD_SAFE    conftest.c   >&5
ld: unknown option: -z
clang: error: linker command failed with exit code 1 (use -v to see invocation)
configure:15445: $? = 1
configure: failed program was:
| /* confdefs.h */
| #define PACKAGE_NAME "Google C++ Testing Framework"
| #define PACKAGE_TARNAME "gtest"
| #define PACKAGE_VERSION "1.7.0"
| #define PACKAGE_STRING "Google C++ Testing Framework 1.7.0"
| #define PACKAGE_BUGREPORT "googletestframework@googlegroups.com"
| #define PACKAGE_URL ""
| #define PACKAGE "gtest"
| #define VERSION "1.7.0"
| #define STDC_HEADERS 1
| #define HAVE_SYS_TYPES_H 1
| #define HAVE_SYS_STAT_H 1
| #define HAVE_STDLIB_H 1
| #define HAVE_STRING_H 1
| #define HAVE_MEMORY_H 1
| #define HAVE_STRINGS_H 1
| #define HAVE_INTTYPES_H 1
| #define HAVE_STDINT_H 1
| #define HAVE_UNISTD_H 1
| #define HAVE_DLFCN_H 1
| #define LT_OBJDIR ".libs/"
| /* end confdefs.h.  */
| 
| int
| main ()
| {
| 
|   ;
|   return 0;
| }
configure:15454: result: no
configure:15734: checking that generated files are newer than configure
configure:15740: result: done
configure:15775: creating ./config.status

## ---------------------- ##
## Running config.status. ##
## ---------------------- ##

This file was extended by Google C++ Testing Framework config.status 1.7.0, which was
generated by GNU Autoconf 2.69.  Invocation command line was

  CONFIG_FILES    = 
  CONFIG_HEADERS  = 
  CONFIG_LINKS    = 
  CONFIG_COMMANDS = 
  $ ./config.status 

on Igors-MacBook-Pro.local

config.status:1151: creating Makefile
config.status:1151: creating scripts/gtest-config
config.status:1151: creating build-aux/config.h
config.status:1332: build-aux/config.h is unchanged
config.status:1380: executing depfiles commands
config.status:1380: executing libtool commands

## ---------------- ##
## Cache variables. ##
## ---------------- ##

ac_cv_build=x86_64-apple-darwin13.1.0
ac_cv_c_compiler_gnu=yes
ac_cv_cxx_compiler_gnu=yes
ac_cv_env_CCC_set=
ac_cv_env_CCC_value=
ac_cv_env_CC_set=
ac_cv_env_CC_value=
ac_cv_env_CFLAGS_set=
ac_cv_env_CFLAGS_value=
ac_cv_env_CPPFLAGS_set=
ac_cv_env_CPPFLAGS_value=
ac_cv_env_CPP_set=
ac_cv_env_CPP_value=
ac_cv_env_CXXCPP_set=
ac_cv_env_CXXCPP_value=
ac_cv_env_CXXFLAGS_set=
ac_cv_env_CXXFLAGS_value=
ac_cv_env_CXX_set=
ac_cv_env_CXX_value=
ac_cv_env_LDFLAGS_set=
ac_cv_env_LDFLAGS_value=
ac_cv_env_LIBS_set=
ac_cv_env_LIBS_value=
ac_cv_env_build_alias_set=
ac_cv_env_build_alias_value=
ac_cv_env_host_alias_set=
ac_cv_env_host_alias_value=
ac_cv_env_target_alias_set=
ac_cv_env_target_alias_value=
ac_cv_header_dlfcn_h=yes
ac_cv_header_inttypes_h=yes
ac_cv_header_memory_h=yes
ac_cv_header_stdc=yes
ac_cv_header_stdint_h=yes
ac_cv_header_stdlib_h=yes
ac_cv_header_string_h=yes
ac_cv_header_strings_h=yes
ac_cv_header_sys_stat_h=yes
ac_cv_header_sys_types_h=yes
ac_cv_header_unistd_h=yes
ac_cv_host=x86_64-apple-darwin13.1.0
ac_cv_objext=o
ac_cv_path_EGREP='/usr/bin/grep -E'
ac_cv_path_FGREP='/usr/bin/grep -F'
ac_cv_path_GREP=/usr/bin/grep
ac_cv_path_PYTHON=/usr/bin/python
ac_cv_path_SED=/usr/bin/sed
ac_cv_path_install='/usr/bin/install -c'
ac_cv_prog_AWK=awk
ac_cv_prog_CPP='gcc -E'
ac_cv_prog_CXXCPP='g++ -E'
ac_cv_prog_ac_ct_AR=ar
ac_cv_prog_ac_ct_CC=gcc
ac_cv_prog_ac_ct_CXX=g++
ac_cv_prog_ac_ct_DSYMUTIL=dsymutil
ac_cv_prog_ac_ct_LIPO=lipo
ac_cv_prog_ac_ct_NMEDIT=nmedit
ac_cv_prog_ac_ct_OTOOL=otool
ac_cv_prog_ac_ct_RANLIB=ranlib
ac_cv_prog_ac_ct_STRIP=strip
ac_cv_prog_cc_c89=
ac_cv_prog_cc_g=yes
ac_cv_prog_cxx_g=yes
ac_cv_prog_make_make_set=yes
am_cv_CC_dependencies_compiler_type=gcc3
am_cv_CXX_dependencies_compiler_type=gcc3
am_cv_make_support_nested_variables=yes
lt_cv_apple_cc_single_mod=yes
lt_cv_ar_at_file=no
lt_cv_deplibs_check_method=pass_all
lt_cv_file_magic_cmd='$MAGIC_CMD'
lt_cv_file_magic_test_file=
lt_cv_ld_exported_symbols_list=yes
lt_cv_ld_force_load=yes
lt_cv_ld_reload_flag=-r
lt_cv_nm_interface='BSD nm'
lt_cv_objdir=.libs
lt_cv_path_LD=/Applications/Xcode.app/Contents/Developer/Toolchains/XcodeDefault.xctoolchain/usr/bin/ld
lt_cv_path_LDCXX=/Applications/Xcode.app/Contents/Developer/Toolchains/XcodeDefault.xctoolchain/usr/bin/ld
lt_cv_path_NM=/usr/bin/nm
lt_cv_path_mainfest_tool=no
lt_cv_prog_compiler_c_o=yes
lt_cv_prog_compiler_c_o_CXX=yes
lt_cv_prog_compiler_pic='-fno-common -DPIC'
lt_cv_prog_compiler_pic_CXX='-fno-common -DPIC'
lt_cv_prog_compiler_pic_works=yes
lt_cv_prog_compiler_pic_works_CXX=yes
lt_cv_prog_compiler_rtti_exceptions=yes
lt_cv_prog_compiler_static_works=no
lt_cv_prog_compiler_static_works_CXX=no
lt_cv_prog_gnu_ld=no
lt_cv_prog_gnu_ldcxx=no
lt_cv_sharedlib_from_linklib_cmd='printf %s\n'
lt_cv_sys_global_symbol_pipe='sed -n -e '\''s/^.*[	 ]\([BCDEGRST][BCDEGRST]*\)[	 ][	 ]*_\([_A-Za-z][_A-Za-z0-9]*\)$/\1 _\2 \2/p'\'' | sed '\''/ __gnu_lto/d'\'''
lt_cv_sys_global_symbol_to_c_name_address='sed -n -e '\''s/^: \([^ ]*\)[ ]*$/  {\"\1\", (void *) 0},/p'\'' -e '\''s/^[BCDEGRST]* \([^ ]*\) \([^ ]*\)$/  {"\2", (void *) \&\2},/p'\'''
lt_cv_sys_global_symbol_to_c_name_address_lib_prefix='sed -n -e '\''s/^: \([^ ]*\)[ ]*$/  {\"\1\", (void *) 0},/p'\'' -e '\''s/^[BCDEGRST]* \([^ ]*\) \(lib[^ ]*\)$/  {"\2", (void *) \&\2},/p'\'' -e '\''s/^[BCDEGRST]* \([^ ]*\) \([^ ]*\)$/  {"lib\2", (void *) \&\2},/p'\'''
lt_cv_sys_global_symbol_to_cdecl='sed -n -e '\''s/^T .* \(.*\)$/extern int \1();/p'\'' -e '\''s/^[BCDEGRST]* .* \(.*\)$/extern char \1;/p'\'''
lt_cv_sys_max_cmd_len=196608
lt_cv_to_host_file_cmd=func_convert_file_noop
lt_cv_to_tool_file_cmd=func_convert_file_noop

## ----------------- ##
## Output variables. ##
## ----------------- ##

ACLOCAL='${SHELL} /Users/igor/Development/theciphers/deps/gmock-1.7.0/gtest/build-aux/missing aclocal-1.13'
AMDEPBACKSLASH='\'
AMDEP_FALSE='#'
AMDEP_TRUE=''
AMTAR='$${TAR-tar}'
AM_BACKSLASH='\'
AM_DEFAULT_V='$(AM_DEFAULT_VERBOSITY)'
AM_DEFAULT_VERBOSITY='1'
AM_V='$(V)'
AR='ar'
AUTOCONF='${SHELL} /Users/igor/Development/theciphers/deps/gmock-1.7.0/gtest/build-aux/missing autoconf'
AUTOHEADER='${SHELL} /Users/igor/Development/theciphers/deps/gmock-1.7.0/gtest/build-aux/missing autoheader'
AUTOMAKE='${SHELL} /Users/igor/Development/theciphers/deps/gmock-1.7.0/gtest/build-aux/missing automake-1.13'
AWK='awk'
CC='gcc'
CCDEPMODE='depmode=gcc3'
CFLAGS='-g -O2'
CPP='gcc -E'
CPPFLAGS=''
CXX='g++'
CXXCPP='g++ -E'
CXXDEPMODE='depmode=gcc3'
CXXFLAGS='-g -O2'
CYGPATH_W='echo'
DEFS='-DHAVE_CONFIG_H'
DEPDIR='.deps'
DLLTOOL='false'
DSYMUTIL='dsymutil'
DUMPBIN=''
ECHO_C='\c'
ECHO_N=''
ECHO_T=''
EGREP='/usr/bin/grep -E'
EXEEXT=''
FGREP='/usr/bin/grep -F'
GREP='/usr/bin/grep'
HAVE_PTHREADS_FALSE='#'
HAVE_PTHREADS_TRUE=''
HAVE_PYTHON_FALSE='#'
HAVE_PYTHON_TRUE=''
INSTALL_DATA='${INSTALL} -m 644'
INSTALL_PROGRAM='${INSTALL}'
INSTALL_SCRIPT='${INSTALL}'
INSTALL_STRIP_PROGRAM='$(install_sh) -c -s'
LD='/Applications/Xcode.app/Contents/Developer/Toolchains/XcodeDefault.xctoolchain/usr/bin/ld'
LDFLAGS=''
LIBOBJS=''
LIBS=''
LIBTOOL='$(SHELL) $(top_builddir)/libtool'
LIPO='lipo'
LN_S='ln -s'
LTLIBOBJS=''
MAKEINFO='${SHELL} /Users/igor/Development/theciphers/deps/gmock-1.7.0/gtest/build-aux/missing makeinfo'
MANIFEST_TOOL=':'
MKDIR_P='build-aux/install-sh -c -d'
NM='/usr/bin/nm'
NMEDIT='nmedit'
OBJDUMP='false'
OBJEXT='o'
OTOOL64=':'
OTOOL='otool'
PACKAGE='gtest'
PACKAGE_BUGREPORT='googletestframework@googlegroups.com'
PACKAGE_NAME='Google C++ Testing Framework'
PACKAGE_STRING='Google C++ Testing Framework 1.7.0'
PACKAGE_TARNAME='gtest'
PACKAGE_URL=''
PACKAGE_VERSION='1.7.0'
PATH_SEPARATOR=':'
PTHREAD_CC='gcc'
PTHREAD_CFLAGS='-D_THREAD_SAFE '
PTHREAD_LIBS=''
PYTHON='/usr/bin/python'
RANLIB='ranlib'
SED='/usr/bin/sed'
SET_MAKE=''
SHELL='/bin/sh'
STRIP='strip'
VERSION='1.7.0'
ac_ct_AR='ar'
ac_ct_CC='gcc'
ac_ct_CXX='g++'
ac_ct_DUMPBIN=''
acx_pthread_config=''
am__EXEEXT_FALSE=''
am__EXEEXT_TRUE='#'
am__fastdepCC_FALSE='#'
am__fastdepCC_TRUE=''
am__fastdepCXX_FALSE='#'
am__fastdepCXX_TRUE=''
am__include='include'
am__isrc=''
am__leading_dot='.'
am__nodep='_no'
am__quote=''
am__tar='$${TAR-tar} chof - "$$tardir"'
am__untar='$${TAR-tar} xf -'
bindir='${exec_prefix}/bin'
build='x86_64-apple-darwin13.1.0'
build_alias=''
build_cpu='x86_64'
build_os='darwin13.1.0'
build_vendor='apple'
datadir='${datarootdir}'
datarootdir='${prefix}/share'
docdir='${datarootdir}/doc/${PACKAGE_TARNAME}'
dvidir='${docdir}'
exec_prefix='${prefix}'
host='x86_64-apple-darwin13.1.0'
host_alias=''
host_cpu='x86_64'
host_os='darwin13.1.0'
host_vendor='apple'
htmldir='${docdir}'
includedir='${prefix}/include'
infodir='${datarootdir}/info'
install_sh='${SHELL} /Users/igor/Development/theciphers/deps/gmock-1.7.0/gtest/build-aux/install-sh'
libdir='${exec_prefix}/lib'
libexecdir='${exec_prefix}/libexec'
localedir='${datarootdir}/locale'
localstatedir='${prefix}/var'
mandir='${datarootdir}/man'
mkdir_p='$(MKDIR_P)'
oldincludedir='/usr/include'
pdfdir='${docdir}'
prefix='/usr/local'
program_transform_name='s,x,x,'
psdir='${docdir}'
sbindir='${exec_prefix}/sbin'
sharedstatedir='${prefix}/com'
sysconfdir='${prefix}/etc'
target_alias=''

## ----------- ##
## confdefs.h. ##
## ----------- ##

/* confdefs.h */
#define PACKAGE_NAME "Google C++ Testing Framework"
#define PACKAGE_TARNAME "gtest"
#define PACKAGE_VERSION "1.7.0"
#define PACKAGE_STRING "Google C++ Testing Framework 1.7.0"
#define PACKAGE_BUGREPORT "googletestframework@googlegroups.com"
#define PACKAGE_URL ""
#define PACKAGE "gtest"
#define VERSION "1.7.0"
#define STDC_HEADERS 1
#define HAVE_SYS_TYPES_H 1
#define HAVE_SYS_STAT_H 1
#define HAVE_STDLIB_H 1
#define HAVE_STRING_H 1
#define HAVE_MEMORY_H 1
#define HAVE_STRINGS_H 1
#define HAVE_INTTYPES_H 1
#define HAVE_STDINT_H 1
#define HAVE_UNISTD_H 1
#define HAVE_DLFCN_H 1
#define LT_OBJDIR ".libs/"
#define HAVE_PTHREAD 1

configure: exit 0
